TN:
SF:/mnt/workspace/test/functional/cmake_project/src/source1.cpp
FN:3,_Z3foob
FNDA:1,_Z3foob
FNF:1
FNH:1
BRDA:7,0,0,1000
BRDA:7,0,1,1
BRDA:10,0,0,0
BRDA:10,0,1,1000
BRF:4
BRH:3
DA:3,1
DA:5,1
DA:7,1001
DA:8,1000
DA:10,1000
DA:11,0
DA:14,1
LF:7
LH:6
end_of_record
TN:
SF:/mnt/workspace/test/functional/cmake_project/src/source2.cpp
FN:3,_Z3barbii
FNDA:10,_Z3barbii
FNF:1
FNH:1
BRDA:5,0,0,10
BRDA:5,0,1,0
BRF:2
BRH:1
DA:3,10
DA:5,10
DA:6,10
DA:8,0
LF:4
LH:3
end_of_record
TN:
SF:/mnt/workspace/test/functional/cmake_project/src/untested.cpp
FN:5,_Z11untestedFooi
FNDA:0,_Z11untestedFooi
FNF:1
FNH:0
BRDA:10,0,0,0
BRDA:10,0,1,0
BRF:2
BRH:0
DA:5,0
DA:7,0
DA:8,0
DA:10,0
DA:11,0
DA:13,0
LF:6
LH:0
end_of_record
